2016-09-05 13:09:53,323 [Worker-276] INFO  o.e.m.c.i.e.AbstractTransferListenerAdapter - Downloaded https://repo.maven.apache.org/maven2/com/commsen/stopwatch/parent/1.0/parent-1.0.pom
2016-09-05 13:09:53,441 [Worker-276] ERROR o.e.m2e.editor.pom.MavenPomEditor - failed to load maven project for org.eclipse.jdt.internal.ui.javaeditor.JarEntryEditorInput@36249208
org.eclipse.core.runtime.CoreException: Can't read Maven project
	at org.eclipse.m2e.core.ui.internal.actions.SelectionUtil.readMavenProject(SelectionUtil.java:330) ~[org.eclipse.m2e.core.ui_1.6.2.20150902-0002.jar:na]
	at org.eclipse.m2e.core.ui.internal.actions.SelectionUtil.getMavenProject(SelectionUtil.java:277) ~[org.eclipse.m2e.core.ui_1.6.2.20150902-0002.jar:na]
	at org.eclipse.m2e.editor.pom.MavenPomEditor.readMavenProject(MavenPomEditor.java:729) ~[na:na]
	at org.eclipse.m2e.editor.pom.MavenPomEditor$5.run(MavenPomEditor.java:1050) ~[na:na]
	at org.eclipse.core.internal.jobs.Worker.run(Worker.java:55) [org.eclipse.core.jobs_3.7.0.v20150330-2103.jar:na]
2016-12-15 15:05:43,763 [Worker-17] INFO  o.e.m.c.i.l.LifecycleMappingFactory - Using org.eclipse.m2e.jdt.JarLifecycleMapping lifecycle mapping for MavenProject: org.springframework:gs-rest-service:0.1.0 @ D:\Java\imdb_stream4Eclipse\portal\pom.xml.
2016-12-15 15:05:45,885 [Worker-17] INFO  o.e.m.c.i.embedder.EclipseLogger - Using 'UTF-8' encoding to copy filtered resources.
2016-12-15 15:05:45,885 [Worker-17] INFO  o.e.m.c.i.embedder.EclipseLogger - skip non existing resourceDirectory D:\Java\imdb_stream4Eclipse\portal\src\main\resources
2016-12-15 15:05:45,885 [Worker-17] INFO  o.e.m.c.i.embedder.EclipseLogger - skip non existing resourceDirectory D:\Java\imdb_stream4Eclipse\portal\src\main\resources
2016-12-15 15:05:45,885 [Worker-17] INFO  o.e.m.c.i.embedder.EclipseLogger - Using 'UTF-8' encoding to copy filtered resources.
2016-12-15 15:05:45,885 [Worker-17] INFO  o.e.m.c.i.embedder.EclipseLogger - skip non existing resourceDirectory D:\Java\imdb_stream4Eclipse\portal\src\test\resources
2016-12-15 15:05:47,180 [Worker-17] INFO  o.e.m.c.i.l.LifecycleMappingFactory - Using org.eclipse.m2e.jdt.JarLifecycleMapping lifecycle mapping for MavenProject: org.springframework:gs-rest-service:0.1.0 @ D:\Java\imdb_stream4Eclipse\portal\pom.xml.
2016-12-15 15:05:47,414 [Worker-36] INFO  o.e.m.c.i.embedder.EclipseLogger - Using 'UTF-8' encoding to copy filtered resources.
2016-12-15 15:05:47,416 [Worker-36] INFO  o.e.m.c.i.embedder.EclipseLogger - skip non existing resourceDirectory D:\Java\imdb_stream4Eclipse\portal\src\main\resources
2016-12-15 15:05:47,416 [Worker-36] INFO  o.e.m.c.i.embedder.EclipseLogger - skip non existing resourceDirectory D:\Java\imdb_stream4Eclipse\portal\src\main\resources
2016-12-15 15:05:47,419 [Worker-36] INFO  o.e.m.c.i.embedder.EclipseLogger - Using 'UTF-8' encoding to copy filtered resources.
2016-12-15 15:05:47,419 [Worker-36] INFO  o.e.m.c.i.embedder.EclipseLogger - skip non existing resourceDirectory D:\Java\imdb_stream4Eclipse\portal\src\test\resources
2016-12-15 15:05:48,566 [Worker-28] INFO  o.e.m.c.i.embedder.EclipseLogger - Using 'UTF-8' encoding to copy filtered resources.
2016-12-15 15:05:48,567 [Worker-28] INFO  o.e.m.c.i.embedder.EclipseLogger - skip non existing resourceDirectory D:\Java\imdb_stream4Eclipse\portal\src\main\resources
2016-12-15 15:05:48,567 [Worker-28] INFO  o.e.m.c.i.embedder.EclipseLogger - skip non existing resourceDirectory D:\Java\imdb_stream4Eclipse\portal\src\main\resources
2016-12-15 15:05:48,568 [Worker-28] INFO  o.e.m.c.i.embedder.EclipseLogger - Using 'UTF-8' encoding to copy filtered resources.
2016-12-15 15:05:48,568 [Worker-28] INFO  o.e.m.c.i.embedder.EclipseLogger - skip non existing resourceDirectory D:\Java\imdb_stream4Eclipse\portal\src\test\resources
2016-12-15 15:11:56,065 [Worker-36] INFO  o.e.m.c.i.embedder.EclipseLogger - Using 'UTF-8' encoding to copy filtered resources.
2016-12-15 15:11:56,066 [Worker-36] INFO  o.e.m.c.i.embedder.EclipseLogger - skip non existing resourceDirectory D:\Java\imdb_stream4Eclipse\portal\src\main\resources
2016-12-15 15:11:56,066 [Worker-36] INFO  o.e.m.c.i.embedder.EclipseLogger - skip non existing resourceDirectory D:\Java\imdb_stream4Eclipse\portal\src\main\resources
2016-12-15 15:11:56,071 [Worker-36] INFO  o.e.m.c.i.embedder.EclipseLogger - Using 'UTF-8' encoding to copy filtered resources.
2016-12-15 15:11:56,071 [Worker-36] INFO  o.e.m.c.i.embedder.EclipseLogger - skip non existing resourceDirectory D:\Java\imdb_stream4Eclipse\portal\src\test\resources
2016-12-16 13:07:38,766 [Worker-8] INFO  o.e.m.c.i.l.LifecycleMappingFactory - Using org.eclipse.m2e.jdt.JarLifecycleMapping lifecycle mapping for MavenProject: org.springframework:gs-rest-service:0.1.0 @ D:\Java\imdb_stream4Eclipse\portal\pom.xml.
2016-12-16 13:09:15,641 [Worker-7] INFO  o.e.m.c.i.embedder.EclipseLogger - Using 'UTF-8' encoding to copy filtered resources.
2016-12-16 13:09:15,643 [Worker-7] INFO  o.e.m.c.i.embedder.EclipseLogger - skip non existing resourceDirectory D:\Java\imdb_stream4Eclipse\portal\src\main\resources
2016-12-16 13:09:15,643 [Worker-7] INFO  o.e.m.c.i.embedder.EclipseLogger - skip non existing resourceDirectory D:\Java\imdb_stream4Eclipse\portal\src\main\resources
2016-12-16 13:09:15,651 [Worker-7] INFO  o.e.m.c.i.embedder.EclipseLogger - Using 'UTF-8' encoding to copy filtered resources.
2016-12-16 13:09:15,651 [Worker-7] INFO  o.e.m.c.i.embedder.EclipseLogger - skip non existing resourceDirectory D:\Java\imdb_stream4Eclipse\portal\src\test\resources
2016-12-18 13:46:55,882 [Worker-29] INFO  o.e.m.c.i.embedder.EclipseLogger - Using 'UTF-8' encoding to copy filtered resources.
2016-12-18 13:46:55,902 [Worker-29] INFO  o.e.m.c.i.embedder.EclipseLogger - skip non existing resourceDirectory D:\Java\imdb_stream4Eclipse\portal\src\main\resources
2016-12-18 13:46:55,902 [Worker-29] INFO  o.e.m.c.i.embedder.EclipseLogger - skip non existing resourceDirectory D:\Java\imdb_stream4Eclipse\portal\src\main\resources
2016-12-18 13:46:55,907 [Worker-29] INFO  o.e.m.c.i.embedder.EclipseLogger - Using 'UTF-8' encoding to copy filtered resources.
2016-12-18 13:46:55,908 [Worker-29] INFO  o.e.m.c.i.embedder.EclipseLogger - skip non existing resourceDirectory D:\Java\imdb_stream4Eclipse\portal\src\test\resources
2016-12-18 13:48:41,696 [Worker-0] INFO  o.e.m.c.i.p.ProjectConfigurationManager - Collecting project info '/pom.xml' D:\Java\toolEclipse\pom.xml
2016-12-18 13:48:45,224 [Worker-0] INFO  o.e.m.c.i.l.LifecycleMappingFactory - Using org.eclipse.m2e.jdt.JarLifecycleMapping lifecycle mapping for MavenProject: com:toolEclipse:0.0.1-SNAPSHOT @ D:\Java\toolEclipse\pom.xml.
2016-12-18 13:48:47,025 [Worker-0] INFO  o.e.m.j.i.AbstractJavaProjectConfigurator - Adding source folder /toolEclipse/src/main/java
2016-12-18 13:48:47,029 [Worker-0] INFO  o.e.m.j.i.AbstractJavaProjectConfigurator - Adding source folder /toolEclipse/src/test/java
2016-12-18 13:48:47,195 [Worker-0] INFO  o.e.m.c.i.p.ProjectConfigurationManager - Imported and configured 1 project(s) in 5 sec
2016-12-18 13:48:47,845 [Worker-5] INFO  o.e.m.c.i.embedder.EclipseLogger - Using 'UTF-8' encoding to copy filtered resources.
2016-12-18 13:48:47,846 [Worker-5] INFO  o.e.m.c.i.embedder.EclipseLogger - skip non existing resourceDirectory D:\Java\toolEclipse\src\main\resources
2016-12-18 13:48:47,848 [Worker-5] INFO  o.e.m.c.i.embedder.EclipseLogger - Using 'UTF-8' encoding to copy filtered resources.
2016-12-18 13:48:47,849 [Worker-5] INFO  o.e.m.c.i.embedder.EclipseLogger - skip non existing resourceDirectory D:\Java\toolEclipse\src\test\resources
2016-12-18 14:22:54,805 [Worker-13] INFO  o.e.m.c.i.l.LifecycleMappingFactory - Using org.eclipse.m2e.jdt.JarLifecycleMapping lifecycle mapping for MavenProject: org.springframework:gs-rest-service:0.1.0 @ D:\Java\imdb_stream4Eclipse\portal\pom.xml.
2016-12-18 14:22:57,596 [Worker-13] INFO  o.e.m.c.i.embedder.EclipseLogger - Using 'UTF-8' encoding to copy filtered resources.
2016-12-18 14:22:57,597 [Worker-13] INFO  o.e.m.c.i.embedder.EclipseLogger - skip non existing resourceDirectory D:\Java\imdb_stream4Eclipse\portal\src\main\resources
2016-12-18 14:22:57,598 [Worker-13] INFO  o.e.m.c.i.embedder.EclipseLogger - skip non existing resourceDirectory D:\Java\imdb_stream4Eclipse\portal\src\main\resources
2016-12-18 14:22:57,622 [Worker-13] INFO  o.e.m.c.i.embedder.EclipseLogger - Using 'UTF-8' encoding to copy filtered resources.
2016-12-18 14:22:57,622 [Worker-13] INFO  o.e.m.c.i.embedder.EclipseLogger - skip non existing resourceDirectory D:\Java\imdb_stream4Eclipse\portal\src\test\resources
2016-12-18 14:22:59,859 [Worker-5] INFO  o.e.m.c.i.l.LifecycleMappingFactory - Using org.eclipse.m2e.jdt.JarLifecycleMapping lifecycle mapping for MavenProject: org.springframework:gs-rest-service:0.1.0 @ D:\Java\imdb_stream4Eclipse\portal\pom.xml.
2016-12-18 14:22:59,864 [Worker-14] INFO  o.e.m.c.i.l.LifecycleMappingFactory - Using org.eclipse.m2e.jdt.JarLifecycleMapping lifecycle mapping for MavenProject: com:toolEclipse:0.0.1-SNAPSHOT @ D:\Java\toolEclipse\pom.xml.
2016-12-18 14:23:00,272 [Worker-14] INFO  o.e.m.c.i.embedder.EclipseLogger - Using 'UTF-8' encoding to copy filtered resources.
2016-12-18 14:23:00,272 [Worker-14] INFO  o.e.m.c.i.embedder.EclipseLogger - skip non existing resourceDirectory D:\Java\toolEclipse\src\main\resources
2016-12-18 14:23:00,277 [Worker-14] INFO  o.e.m.c.i.embedder.EclipseLogger - Using 'UTF-8' encoding to copy filtered resources.
2016-12-18 14:23:00,277 [Worker-14] INFO  o.e.m.c.i.embedder.EclipseLogger - skip non existing resourceDirectory D:\Java\toolEclipse\src\test\resources
2016-12-18 14:23:03,080 [Worker-2] INFO  o.e.m.c.i.l.LifecycleMappingFactory - Using org.eclipse.m2e.jdt.JarLifecycleMapping lifecycle mapping for MavenProject: org.springframework:gs-rest-service:0.1.0 @ D:\Java\imdb_stream4Eclipse\portal\pom.xml.
2016-12-18 14:23:03,722 [Worker-2] INFO  o.e.m.c.i.l.LifecycleMappingFactory - Using org.eclipse.m2e.jdt.JarLifecycleMapping lifecycle mapping for MavenProject: com:toolEclipse:0.0.1-SNAPSHOT @ D:\Java\toolEclipse\pom.xml.
2016-12-18 14:23:05,599 [Worker-12] INFO  o.e.m.c.i.embedder.EclipseLogger - Using 'UTF-8' encoding to copy filtered resources.
2016-12-18 14:23:05,600 [Worker-12] INFO  o.e.m.c.i.embedder.EclipseLogger - skip non existing resourceDirectory D:\Java\imdb_stream4Eclipse\portal\src\main\resources
2016-12-18 14:23:05,600 [Worker-12] INFO  o.e.m.c.i.embedder.EclipseLogger - skip non existing resourceDirectory D:\Java\imdb_stream4Eclipse\portal\src\main\resources
2016-12-18 14:23:05,606 [Worker-12] INFO  o.e.m.c.i.embedder.EclipseLogger - Using 'UTF-8' encoding to copy filtered resources.
2016-12-18 14:23:05,610 [Worker-12] INFO  o.e.m.c.i.embedder.EclipseLogger - skip non existing resourceDirectory D:\Java\imdb_stream4Eclipse\portal\src\test\resources
2016-12-18 14:23:06,140 [Worker-12] INFO  o.e.m.c.i.embedder.EclipseLogger - Using 'UTF-8' encoding to copy filtered resources.
2016-12-18 14:23:06,140 [Worker-12] INFO  o.e.m.c.i.embedder.EclipseLogger - skip non existing resourceDirectory D:\Java\toolEclipse\src\main\resources
2016-12-18 14:23:06,145 [Worker-12] INFO  o.e.m.c.i.embedder.EclipseLogger - Using 'UTF-8' encoding to copy filtered resources.
2016-12-18 14:23:06,145 [Worker-12] INFO  o.e.m.c.i.embedder.EclipseLogger - skip non existing resourceDirectory D:\Java\toolEclipse\src\test\resources
2016-12-18 14:31:12,149 [Worker-4] INFO  o.e.m.c.i.embedder.EclipseLogger - Using 'UTF-8' encoding to copy filtered resources.
2016-12-18 14:31:12,152 [Worker-4] INFO  o.e.m.c.i.embedder.EclipseLogger - skip non existing resourceDirectory D:\Java\toolEclipse\src\main\resources
2016-12-18 14:31:12,154 [Worker-4] INFO  o.e.m.c.i.embedder.EclipseLogger - Using 'UTF-8' encoding to copy filtered resources.
2016-12-18 14:31:12,155 [Worker-4] INFO  o.e.m.c.i.embedder.EclipseLogger - skip non existing resourceDirectory D:\Java\toolEclipse\src\test\resources
2016-12-18 14:54:06,077 [Worker-22] INFO  o.e.m.c.i.l.LifecycleMappingFactory - Using org.maven.ide.eclipse.wtp.WarLifecycleMapping lifecycle mapping for MavenProject: com.journaldev:spring:1.0.0-BUILD-SNAPSHOT @ D:\Java\SpringMVCExample1\pom.xml.
2016-12-18 14:54:08,021 [Worker-22] WARN  o.e.m.c.i.embedder.EclipseLogger - Using platform encoding (Cp1251 actually) to copy filtered resources, i.e. build is platform dependent!
2016-12-18 14:54:08,031 [Worker-22] INFO  o.e.m.c.i.embedder.EclipseLogger - Copying 1 resource
2016-12-18 14:54:08,041 [Worker-22] WARN  o.e.m.c.i.embedder.EclipseLogger - Using platform encoding (Cp1251 actually) to copy filtered resources, i.e. build is platform dependent!
2016-12-18 14:54:08,042 [Worker-22] INFO  o.e.m.c.i.embedder.EclipseLogger - Copying 1 resource
2016-12-18 14:54:17,119 [Worker-26] WARN  o.e.m.c.i.embedder.EclipseLogger - Using platform encoding (Cp1251 actually) to copy filtered resources, i.e. build is platform dependent!
2016-12-18 14:54:17,134 [Worker-26] INFO  o.e.m.c.i.embedder.EclipseLogger - Copying 1 resource
2016-12-18 14:54:17,140 [Worker-26] WARN  o.e.m.c.i.embedder.EclipseLogger - Using platform encoding (Cp1251 actually) to copy filtered resources, i.e. build is platform dependent!
2016-12-18 14:54:17,142 [Worker-26] INFO  o.e.m.c.i.embedder.EclipseLogger - Copying 1 resource
2016-12-18 14:57:04,611 [Worker-25] INFO  o.e.m.c.i.l.LifecycleMappingFactory - Using org.maven.ide.eclipse.wtp.WarLifecycleMapping lifecycle mapping for MavenProject: com.journaldev:spring:1.0.0-BUILD-SNAPSHOT @ D:\Java\SpringMVCExample2\pom.xml.
2016-12-18 14:57:05,249 [Worker-25] WARN  o.e.m.c.i.embedder.EclipseLogger - Using platform encoding (Cp1251 actually) to copy filtered resources, i.e. build is platform dependent!
2016-12-18 14:57:05,252 [Worker-25] INFO  o.e.m.c.i.embedder.EclipseLogger - Copying 1 resource
2016-12-18 14:57:05,258 [Worker-25] WARN  o.e.m.c.i.embedder.EclipseLogger - Using platform encoding (Cp1251 actually) to copy filtered resources, i.e. build is platform dependent!
2016-12-18 14:57:05,260 [Worker-25] INFO  o.e.m.c.i.embedder.EclipseLogger - Copying 1 resource
2016-12-18 14:57:06,049 [Worker-30] WARN  o.e.m.c.i.embedder.EclipseLogger - Using platform encoding (Cp1251 actually) to copy filtered resources, i.e. build is platform dependent!
2016-12-18 14:57:06,052 [Worker-30] INFO  o.e.m.c.i.embedder.EclipseLogger - Copying 1 resource
2016-12-18 14:57:06,056 [Worker-30] WARN  o.e.m.c.i.embedder.EclipseLogger - Using platform encoding (Cp1251 actually) to copy filtered resources, i.e. build is platform dependent!
2016-12-18 14:57:06,058 [Worker-30] INFO  o.e.m.c.i.embedder.EclipseLogger - Copying 1 resource
2016-12-18 15:15:31,313 [Worker-35] INFO  o.e.m.c.i.p.ProjectConfigurationManager - Update started
2016-12-18 15:15:32,260 [Worker-35] INFO  o.e.m.c.i.l.LifecycleMappingFactory - Using org.maven.ide.eclipse.wtp.WarLifecycleMapping lifecycle mapping for MavenProject: com.journaldev:spring:1.0.0-BUILD-SNAPSHOT @ D:\Java\SpringMVCExample1\pom.xml.
2016-12-18 15:15:32,451 [Worker-35] INFO  o.e.m.c.i.l.LifecycleMappingFactory - Using org.maven.ide.eclipse.wtp.WarLifecycleMapping lifecycle mapping for MavenProject: com.journaldev:spring:1.0.0-BUILD-SNAPSHOT @ D:\Java\SpringMVCExample2\pom.xml.
2016-12-18 15:15:33,553 [Worker-35] INFO  o.e.m.j.i.AbstractJavaProjectConfigurator - Adding source folder /SpringMVCExample1/src/main/java
2016-12-18 15:15:33,554 [Worker-35] INFO  o.e.m.j.i.AbstractJavaProjectConfigurator - Adding resource folder /SpringMVCExample1/src/main/resources
2016-12-18 15:15:33,555 [Worker-35] INFO  o.e.m.j.i.AbstractJavaProjectConfigurator - Adding source folder /SpringMVCExample1/src/test/java
2016-12-18 15:15:33,555 [Worker-35] INFO  o.e.m.j.i.AbstractJavaProjectConfigurator - Adding resource folder /SpringMVCExample1/src/test/resources
2016-12-18 15:15:34,130 [Worker-35] INFO  o.e.m.w.i.f.ResourceFilteringBuildParticipant - Cleaning filtered folder for SpringMVCExample1
2016-12-18 15:15:34,140 [Worker-35] INFO  o.e.m.c.i.p.ProjectConfigurationManager - Update completed: 2 sec
2016-12-18 15:15:34,966 [Worker-38] WARN  o.e.m.c.i.embedder.EclipseLogger - Using platform encoding (Cp1251 actually) to copy filtered resources, i.e. build is platform dependent!
2016-12-18 15:15:34,968 [Worker-38] INFO  o.e.m.c.i.embedder.EclipseLogger - Copying 1 resource
2016-12-18 15:15:34,984 [Worker-38] WARN  o.e.m.c.i.embedder.EclipseLogger - Using platform encoding (Cp1251 actually) to copy filtered resources, i.e. build is platform dependent!
2016-12-18 15:15:34,985 [Worker-38] INFO  o.e.m.c.i.embedder.EclipseLogger - Copying 1 resource
2016-12-18 15:15:34,987 [Worker-38] INFO  o.e.m.w.i.f.ResourceFilteringBuildParticipant - Changed resources require a complete clean of filtered resources of SpringMVCExample1
2016-12-18 15:15:34,988 [Worker-38] INFO  o.e.m.w.i.f.ResourceFilteringBuildParticipant - Executing resource filtering for SpringMVCExample1
2016-12-18 15:15:35,000 [Worker-38] WARN  o.e.m.c.i.embedder.EclipseLogger - Using platform encoding (Cp1251 actually) to copy filtered resources, i.e. build is platform dependent!
2016-12-18 15:15:35,143 [Worker-38] WARN  o.e.m.c.i.embedder.EclipseLogger - Using platform encoding (Cp1251 actually) to copy filtered resources, i.e. build is platform dependent!
2016-12-18 15:15:35,146 [Worker-38] INFO  o.e.m.c.i.embedder.EclipseLogger - Copying 0 resource
2016-12-18 15:15:35,148 [Worker-38] WARN  o.e.m.c.i.embedder.EclipseLogger - Using platform encoding (Cp1251 actually) to copy filtered resources, i.e. build is platform dependent!
2016-12-18 15:15:35,149 [Worker-38] INFO  o.e.m.c.i.embedder.EclipseLogger - Copying 0 resource
2016-12-18 15:17:15,833 [Worker-37] INFO  o.e.m.c.i.l.LifecycleMappingFactory - Using org.maven.ide.eclipse.wtp.WarLifecycleMapping lifecycle mapping for MavenProject: com.journaldev:SpringMVCExample:1.0.0-BUILD-SNAPSHOT @ D:\Java\SpringMVCExample1\pom.xml.
2016-12-18 15:17:16,318 [Worker-37] WARN  o.e.m.c.i.embedder.EclipseLogger - Using platform encoding (Cp1251 actually) to copy filtered resources, i.e. build is platform dependent!
2016-12-18 15:17:16,320 [Worker-37] INFO  o.e.m.c.i.embedder.EclipseLogger - Copying 0 resource
2016-12-18 15:17:16,323 [Worker-37] WARN  o.e.m.c.i.embedder.EclipseLogger - Using platform encoding (Cp1251 actually) to copy filtered resources, i.e. build is platform dependent!
2016-12-18 15:17:16,326 [Worker-37] INFO  o.e.m.c.i.embedder.EclipseLogger - Copying 0 resource
2016-12-18 15:17:16,327 [Worker-37] INFO  o.e.m.w.i.f.ResourceFilteringBuildParticipant - Changed resources require a complete clean of filtered resources of SpringMVCExample1
2016-12-18 15:17:16,328 [Worker-37] INFO  o.e.m.w.i.f.ResourceFilteringBuildParticipant - Executing resource filtering for SpringMVCExample1
2016-12-18 15:17:16,348 [Worker-37] WARN  o.e.m.c.i.embedder.EclipseLogger - Using platform encoding (Cp1251 actually) to copy filtered resources, i.e. build is platform dependent!
2016-12-18 15:17:18,182 [Worker-37] WARN  o.e.m.c.i.embedder.EclipseLogger - Using platform encoding (Cp1251 actually) to copy filtered resources, i.e. build is platform dependent!
2016-12-18 15:17:18,185 [Worker-37] INFO  o.e.m.c.i.embedder.EclipseLogger - Copying 1 resource
2016-12-18 15:17:18,190 [Worker-37] WARN  o.e.m.c.i.embedder.EclipseLogger - Using platform encoding (Cp1251 actually) to copy filtered resources, i.e. build is platform dependent!
2016-12-18 15:17:18,192 [Worker-37] INFO  o.e.m.c.i.embedder.EclipseLogger - Copying 1 resource
2016-12-18 15:46:18,869 [Worker-45] WARN  o.e.m.c.i.embedder.EclipseLogger - Using platform encoding (Cp1251 actually) to copy filtered resources, i.e. build is platform dependent!
2016-12-18 15:46:18,873 [Worker-45] INFO  o.e.m.c.i.embedder.EclipseLogger - Copying 1 resource
2016-12-18 15:46:18,878 [Worker-45] WARN  o.e.m.c.i.embedder.EclipseLogger - Using platform encoding (Cp1251 actually) to copy filtered resources, i.e. build is platform dependent!
2016-12-18 15:46:18,880 [Worker-45] INFO  o.e.m.c.i.embedder.EclipseLogger - Copying 0 resource
2016-12-18 15:46:38,861 [Worker-38] WARN  o.e.m.c.i.embedder.EclipseLogger - Using platform encoding (Cp1251 actually) to copy filtered resources, i.e. build is platform dependent!
2016-12-18 15:46:38,864 [Worker-38] INFO  o.e.m.c.i.embedder.EclipseLogger - Copying 1 resource
2016-12-18 15:46:38,867 [Worker-38] WARN  o.e.m.c.i.embedder.EclipseLogger - Using platform encoding (Cp1251 actually) to copy filtered resources, i.e. build is platform dependent!
2016-12-18 15:46:38,869 [Worker-38] INFO  o.e.m.c.i.embedder.EclipseLogger - Copying 0 resource
2016-12-18 15:51:00,697 [Worker-45] WARN  o.e.m.c.i.embedder.EclipseLogger - Using platform encoding (Cp1251 actually) to copy filtered resources, i.e. build is platform dependent!
2016-12-18 15:51:00,699 [Worker-45] INFO  o.e.m.c.i.embedder.EclipseLogger - Copying 1 resource
2016-12-18 15:51:00,703 [Worker-45] WARN  o.e.m.c.i.embedder.EclipseLogger - Using platform encoding (Cp1251 actually) to copy filtered resources, i.e. build is platform dependent!
2016-12-18 15:51:00,705 [Worker-45] INFO  o.e.m.c.i.embedder.EclipseLogger - Copying 0 resource
2016-12-18 15:51:40,030 [Worker-47] WARN  o.e.m.c.i.embedder.EclipseLogger - Using platform encoding (Cp1251 actually) to copy filtered resources, i.e. build is platform dependent!
2016-12-18 15:51:40,033 [Worker-47] INFO  o.e.m.c.i.embedder.EclipseLogger - Copying 1 resource
2016-12-18 15:51:40,037 [Worker-47] WARN  o.e.m.c.i.embedder.EclipseLogger - Using platform encoding (Cp1251 actually) to copy filtered resources, i.e. build is platform dependent!
2016-12-18 15:51:40,039 [Worker-47] INFO  o.e.m.c.i.embedder.EclipseLogger - Copying 0 resource
2016-12-18 16:30:34,567 [Worker-58] WARN  o.e.m.c.i.embedder.EclipseLogger - Using platform encoding (Cp1251 actually) to copy filtered resources, i.e. build is platform dependent!
2016-12-18 16:30:34,570 [Worker-58] INFO  o.e.m.c.i.embedder.EclipseLogger - Copying 0 resource
2016-12-18 16:30:34,575 [Worker-58] WARN  o.e.m.c.i.embedder.EclipseLogger - Using platform encoding (Cp1251 actually) to copy filtered resources, i.e. build is platform dependent!
2016-12-18 16:30:34,577 [Worker-58] INFO  o.e.m.c.i.embedder.EclipseLogger - Copying 0 resource
2016-12-18 16:39:18,933 [Worker-55] WARN  o.e.m.c.i.embedder.EclipseLogger - Using platform encoding (Cp1251 actually) to copy filtered resources, i.e. build is platform dependent!
2016-12-18 16:39:18,935 [Worker-55] INFO  o.e.m.c.i.embedder.EclipseLogger - Copying 0 resource
2016-12-18 16:39:18,938 [Worker-55] WARN  o.e.m.c.i.embedder.EclipseLogger - Using platform encoding (Cp1251 actually) to copy filtered resources, i.e. build is platform dependent!
2016-12-18 16:39:18,940 [Worker-55] INFO  o.e.m.c.i.embedder.EclipseLogger - Copying 0 resource
2016-12-18 16:39:18,966 [Worker-55] WARN  o.e.m.c.i.embedder.EclipseLogger - Using platform encoding (Cp1251 actually) to copy filtered resources, i.e. build is platform dependent!
2016-12-18 16:39:18,968 [Worker-55] INFO  o.e.m.c.i.embedder.EclipseLogger - Copying 0 resource
2016-12-18 16:39:18,971 [Worker-55] WARN  o.e.m.c.i.embedder.EclipseLogger - Using platform encoding (Cp1251 actually) to copy filtered resources, i.e. build is platform dependent!
2016-12-18 16:39:18,973 [Worker-55] INFO  o.e.m.c.i.embedder.EclipseLogger - Copying 0 resource
2016-12-18 16:39:20,209 [Worker-55] INFO  o.e.m.c.i.embedder.EclipseLogger - Using 'UTF-8' encoding to copy filtered resources.
2016-12-18 16:39:20,209 [Worker-55] INFO  o.e.m.c.i.embedder.EclipseLogger - skip non existing resourceDirectory D:\Java\imdb_stream4Eclipse\portal\src\main\resources
2016-12-18 16:39:20,209 [Worker-55] INFO  o.e.m.c.i.embedder.EclipseLogger - skip non existing resourceDirectory D:\Java\imdb_stream4Eclipse\portal\src\main\resources
2016-12-18 16:39:20,214 [Worker-55] INFO  o.e.m.c.i.embedder.EclipseLogger - Using 'UTF-8' encoding to copy filtered resources.
2016-12-18 16:39:20,214 [Worker-55] INFO  o.e.m.c.i.embedder.EclipseLogger - skip non existing resourceDirectory D:\Java\imdb_stream4Eclipse\portal\src\test\resources
2016-12-18 16:39:21,030 [Worker-55] INFO  o.e.m.c.i.embedder.EclipseLogger - Using 'UTF-8' encoding to copy filtered resources.
2016-12-18 16:39:21,030 [Worker-55] INFO  o.e.m.c.i.embedder.EclipseLogger - skip non existing resourceDirectory D:\Java\toolEclipse\src\main\resources
2016-12-18 16:39:21,033 [Worker-55] INFO  o.e.m.c.i.embedder.EclipseLogger - Using 'UTF-8' encoding to copy filtered resources.
2016-12-18 16:39:21,033 [Worker-55] INFO  o.e.m.c.i.embedder.EclipseLogger - skip non existing resourceDirectory D:\Java\toolEclipse\src\test\resources
2016-12-18 19:25:42,319 [Worker-6] WARN  o.e.m.c.i.embedder.EclipseLogger - Using platform encoding (Cp1251 actually) to copy filtered resources, i.e. build is platform dependent!
2016-12-18 19:25:42,329 [Worker-6] INFO  o.e.m.c.i.embedder.EclipseLogger - Copying 1 resource
2016-12-18 19:25:42,337 [Worker-6] WARN  o.e.m.c.i.embedder.EclipseLogger - Using platform encoding (Cp1251 actually) to copy filtered resources, i.e. build is platform dependent!
2016-12-18 19:25:42,339 [Worker-6] INFO  o.e.m.c.i.embedder.EclipseLogger - Copying 1 resource
2016-12-18 19:25:42,897 [Worker-6] WARN  o.e.m.c.i.embedder.EclipseLogger - Using platform encoding (Cp1251 actually) to copy filtered resources, i.e. build is platform dependent!
2016-12-18 19:25:42,898 [Worker-6] INFO  o.e.m.c.i.embedder.EclipseLogger - Copying 1 resource
2016-12-18 19:25:42,900 [Worker-6] WARN  o.e.m.c.i.embedder.EclipseLogger - Using platform encoding (Cp1251 actually) to copy filtered resources, i.e. build is platform dependent!
2016-12-18 19:25:42,900 [Worker-6] INFO  o.e.m.c.i.embedder.EclipseLogger - Copying 1 resource
2016-12-19 20:29:02,844 [Worker-8] WARN  o.e.m.c.i.embedder.EclipseLogger - Using platform encoding (Cp1251 actually) to copy filtered resources, i.e. build is platform dependent!
2016-12-19 20:29:02,897 [Worker-8] INFO  o.e.m.c.i.embedder.EclipseLogger - Copying 1 resource
2016-12-19 20:29:02,932 [Worker-8] WARN  o.e.m.c.i.embedder.EclipseLogger - Using platform encoding (Cp1251 actually) to copy filtered resources, i.e. build is platform dependent!
2016-12-19 20:29:02,937 [Worker-8] INFO  o.e.m.c.i.embedder.EclipseLogger - Copying 1 resource
2016-12-21 11:27:30,388 [Worker-1] WARN  o.e.m.c.i.embedder.EclipseLogger - Using platform encoding (Cp1251 actually) to copy filtered resources, i.e. build is platform dependent!
2016-12-21 11:27:30,458 [Worker-1] INFO  o.e.m.c.i.embedder.EclipseLogger - Copying 1 resource
2016-12-21 11:27:30,493 [Worker-1] WARN  o.e.m.c.i.embedder.EclipseLogger - Using platform encoding (Cp1251 actually) to copy filtered resources, i.e. build is platform dependent!
2016-12-21 11:27:30,496 [Worker-1] INFO  o.e.m.c.i.embedder.EclipseLogger - Copying 1 resource
2016-12-21 11:27:33,708 [Worker-8] WARN  o.e.m.c.i.embedder.EclipseLogger - Using platform encoding (Cp1251 actually) to copy filtered resources, i.e. build is platform dependent!
2016-12-21 11:27:33,711 [Worker-8] INFO  o.e.m.c.i.embedder.EclipseLogger - Copying 1 resource
2016-12-21 11:27:33,715 [Worker-8] WARN  o.e.m.c.i.embedder.EclipseLogger - Using platform encoding (Cp1251 actually) to copy filtered resources, i.e. build is platform dependent!
2016-12-21 11:27:33,717 [Worker-8] INFO  o.e.m.c.i.embedder.EclipseLogger - Copying 1 resource
2016-12-27 15:26:49,721 [Worker-14] WARN  o.e.m.c.i.embedder.EclipseLogger - Using platform encoding (Cp1251 actually) to copy filtered resources, i.e. build is platform dependent!
2016-12-27 15:26:49,793 [Worker-14] INFO  o.e.m.c.i.embedder.EclipseLogger - Copying 1 resource
2016-12-27 15:26:49,821 [Worker-14] WARN  o.e.m.c.i.embedder.EclipseLogger - Using platform encoding (Cp1251 actually) to copy filtered resources, i.e. build is platform dependent!
2016-12-27 15:26:49,826 [Worker-14] INFO  o.e.m.c.i.embedder.EclipseLogger - Copying 1 resource
2016-12-27 15:26:59,205 [Worker-16] WARN  o.e.m.c.i.embedder.EclipseLogger - Using platform encoding (Cp1251 actually) to copy filtered resources, i.e. build is platform dependent!
2016-12-27 15:26:59,211 [Worker-16] INFO  o.e.m.c.i.embedder.EclipseLogger - Copying 1 resource
2016-12-27 15:26:59,216 [Worker-16] WARN  o.e.m.c.i.embedder.EclipseLogger - Using platform encoding (Cp1251 actually) to copy filtered resources, i.e. build is platform dependent!
2016-12-27 15:26:59,222 [Worker-16] INFO  o.e.m.c.i.embedder.EclipseLogger - Copying 1 resource
2016-12-29 11:53:11,117 [Worker-0] WARN  o.e.m.c.i.embedder.EclipseLogger - Using platform encoding (Cp1251 actually) to copy filtered resources, i.e. build is platform dependent!
2016-12-29 11:53:11,151 [Worker-0] INFO  o.e.m.c.i.embedder.EclipseLogger - Copying 1 resource
2016-12-29 11:53:11,191 [Worker-0] WARN  o.e.m.c.i.embedder.EclipseLogger - Using platform encoding (Cp1251 actually) to copy filtered resources, i.e. build is platform dependent!
2016-12-29 11:53:11,194 [Worker-0] INFO  o.e.m.c.i.embedder.EclipseLogger - Copying 1 resource
2016-12-29 11:53:20,804 [Worker-5] WARN  o.e.m.c.i.embedder.EclipseLogger - Using platform encoding (Cp1251 actually) to copy filtered resources, i.e. build is platform dependent!
2016-12-29 11:53:20,809 [Worker-5] INFO  o.e.m.c.i.embedder.EclipseLogger - Copying 1 resource
2016-12-29 11:53:20,815 [Worker-5] WARN  o.e.m.c.i.embedder.EclipseLogger - Using platform encoding (Cp1251 actually) to copy filtered resources, i.e. build is platform dependent!
2016-12-29 11:53:20,818 [Worker-5] INFO  o.e.m.c.i.embedder.EclipseLogger - Copying 1 resource
2016-12-29 11:53:26,120 [Worker-5] INFO  o.e.m.c.i.embedder.EclipseLogger - Using 'UTF-8' encoding to copy filtered resources.
2016-12-29 11:53:26,121 [Worker-5] INFO  o.e.m.c.i.embedder.EclipseLogger - skip non existing resourceDirectory D:\Java\imdb_stream4Eclipse\portal\src\main\resources
2016-12-29 11:53:26,121 [Worker-5] INFO  o.e.m.c.i.embedder.EclipseLogger - skip non existing resourceDirectory D:\Java\imdb_stream4Eclipse\portal\src\main\resources
2016-12-29 11:53:26,130 [Worker-5] INFO  o.e.m.c.i.embedder.EclipseLogger - Using 'UTF-8' encoding to copy filtered resources.
2016-12-29 11:53:26,131 [Worker-5] INFO  o.e.m.c.i.embedder.EclipseLogger - skip non existing resourceDirectory D:\Java\imdb_stream4Eclipse\portal\src\test\resources
2016-12-29 11:53:28,813 [Worker-5] INFO  o.e.m.c.i.embedder.EclipseLogger - Using 'UTF-8' encoding to copy filtered resources.
2016-12-29 11:53:28,814 [Worker-5] INFO  o.e.m.c.i.embedder.EclipseLogger - skip non existing resourceDirectory D:\Java\toolEclipse\src\main\resources
2016-12-29 11:53:28,818 [Worker-5] INFO  o.e.m.c.i.embedder.EclipseLogger - Using 'UTF-8' encoding to copy filtered resources.
2016-12-29 11:53:28,819 [Worker-5] INFO  o.e.m.c.i.embedder.EclipseLogger - skip non existing resourceDirectory D:\Java\toolEclipse\src\test\resources
2016-12-30 11:34:30,437 [Worker-14] WARN  o.e.m.c.i.embedder.EclipseLogger - Using platform encoding (Cp1251 actually) to copy filtered resources, i.e. build is platform dependent!
2016-12-30 11:34:30,563 [Worker-14] INFO  o.e.m.c.i.embedder.EclipseLogger - Copying 1 resource
2016-12-30 11:34:30,588 [Worker-14] WARN  o.e.m.c.i.embedder.EclipseLogger - Using platform encoding (Cp1251 actually) to copy filtered resources, i.e. build is platform dependent!
2016-12-30 11:34:30,591 [Worker-14] INFO  o.e.m.c.i.embedder.EclipseLogger - Copying 1 resource
2016-12-30 11:34:35,833 [Worker-8] WARN  o.e.m.c.i.embedder.EclipseLogger - Using platform encoding (Cp1251 actually) to copy filtered resources, i.e. build is platform dependent!
2016-12-30 11:34:35,839 [Worker-8] INFO  o.e.m.c.i.embedder.EclipseLogger - Copying 1 resource
2016-12-30 11:34:35,868 [Worker-8] WARN  o.e.m.c.i.embedder.EclipseLogger - Using platform encoding (Cp1251 actually) to copy filtered resources, i.e. build is platform dependent!
2016-12-30 11:34:35,871 [Worker-8] INFO  o.e.m.c.i.embedder.EclipseLogger - Copying 1 resource
2016-12-30 11:39:02,990 [Worker-19] WARN  o.e.m.c.i.embedder.EclipseLogger - Using platform encoding (Cp1251 actually) to copy filtered resources, i.e. build is platform dependent!
2016-12-30 11:39:03,001 [Worker-19] INFO  o.e.m.c.i.embedder.EclipseLogger - Copying 1 resource
2016-12-30 11:39:03,061 [Worker-19] WARN  o.e.m.c.i.embedder.EclipseLogger - Using platform encoding (Cp1251 actually) to copy filtered resources, i.e. build is platform dependent!
2016-12-30 11:39:03,063 [Worker-19] INFO  o.e.m.c.i.embedder.EclipseLogger - Copying 1 resource
2016-12-30 11:39:05,844 [Worker-19] WARN  o.e.m.c.i.embedder.EclipseLogger - Using platform encoding (Cp1251 actually) to copy filtered resources, i.e. build is platform dependent!
2016-12-30 11:39:05,849 [Worker-19] INFO  o.e.m.c.i.embedder.EclipseLogger - Copying 1 resource
2016-12-30 11:39:05,977 [Worker-19] WARN  o.e.m.c.i.embedder.EclipseLogger - Using platform encoding (Cp1251 actually) to copy filtered resources, i.e. build is platform dependent!
2016-12-30 11:39:05,979 [Worker-19] INFO  o.e.m.c.i.embedder.EclipseLogger - Copying 1 resource
2016-12-30 11:39:08,669 [Worker-19] INFO  o.e.m.c.i.embedder.EclipseLogger - Using 'UTF-8' encoding to copy filtered resources.
2016-12-30 11:39:08,669 [Worker-19] INFO  o.e.m.c.i.embedder.EclipseLogger - skip non existing resourceDirectory D:\Java\imdb_stream4Eclipse\portal\src\main\resources
2016-12-30 11:39:08,669 [Worker-19] INFO  o.e.m.c.i.embedder.EclipseLogger - skip non existing resourceDirectory D:\Java\imdb_stream4Eclipse\portal\src\main\resources
2016-12-30 11:39:08,674 [Worker-19] INFO  o.e.m.c.i.embedder.EclipseLogger - Using 'UTF-8' encoding to copy filtered resources.
2016-12-30 11:39:08,674 [Worker-19] INFO  o.e.m.c.i.embedder.EclipseLogger - skip non existing resourceDirectory D:\Java\imdb_stream4Eclipse\portal\src\test\resources
2016-12-30 11:39:10,147 [Worker-19] INFO  o.e.m.c.i.embedder.EclipseLogger - Using 'UTF-8' encoding to copy filtered resources.
2016-12-30 11:39:10,148 [Worker-19] INFO  o.e.m.c.i.embedder.EclipseLogger - skip non existing resourceDirectory D:\Java\toolEclipse\src\main\resources
2016-12-30 11:39:10,149 [Worker-19] INFO  o.e.m.c.i.embedder.EclipseLogger - Using 'UTF-8' encoding to copy filtered resources.
2016-12-30 11:39:10,150 [Worker-19] INFO  o.e.m.c.i.embedder.EclipseLogger - skip non existing resourceDirectory D:\Java\toolEclipse\src\test\resources
2016-12-30 13:17:28,345 [Worker-20] WARN  o.e.m.c.i.embedder.EclipseLogger - Using platform encoding (Cp1251 actually) to copy filtered resources, i.e. build is platform dependent!
2016-12-30 13:17:28,366 [Worker-20] INFO  o.e.m.c.i.embedder.EclipseLogger - Copying 1 resource
2016-12-30 13:17:28,382 [Worker-20] WARN  o.e.m.c.i.embedder.EclipseLogger - Using platform encoding (Cp1251 actually) to copy filtered resources, i.e. build is platform dependent!
2016-12-30 13:17:28,383 [Worker-20] INFO  o.e.m.c.i.embedder.EclipseLogger - Copying 1 resource
2016-12-30 13:17:29,337 [Worker-12] WARN  o.e.m.c.i.embedder.EclipseLogger - Using platform encoding (Cp1251 actually) to copy filtered resources, i.e. build is platform dependent!
2016-12-30 13:17:29,342 [Worker-12] INFO  o.e.m.c.i.embedder.EclipseLogger - Copying 0 resource
2016-12-30 13:17:29,344 [Worker-12] WARN  o.e.m.c.i.embedder.EclipseLogger - Using platform encoding (Cp1251 actually) to copy filtered resources, i.e. build is platform dependent!
2016-12-30 13:17:29,345 [Worker-12] INFO  o.e.m.c.i.embedder.EclipseLogger - Copying 0 resource
2016-12-30 13:17:29,801 [Worker-12] WARN  o.e.m.c.i.embedder.EclipseLogger - Using platform encoding (Cp1251 actually) to copy filtered resources, i.e. build is platform dependent!
2016-12-30 13:17:29,802 [Worker-12] INFO  o.e.m.c.i.embedder.EclipseLogger - Copying 1 resource
2016-12-30 13:17:29,806 [Worker-12] WARN  o.e.m.c.i.embedder.EclipseLogger - Using platform encoding (Cp1251 actually) to copy filtered resources, i.e. build is platform dependent!
2016-12-30 13:17:29,807 [Worker-12] INFO  o.e.m.c.i.embedder.EclipseLogger - Copying 1 resource
2016-12-30 13:17:30,901 [Worker-12] INFO  o.e.m.c.i.embedder.EclipseLogger - Using 'UTF-8' encoding to copy filtered resources.
2016-12-30 13:17:30,902 [Worker-12] INFO  o.e.m.c.i.embedder.EclipseLogger - skip non existing resourceDirectory D:\Java\imdb_stream4Eclipse\portal\src\main\resources
2016-12-30 13:17:30,902 [Worker-12] INFO  o.e.m.c.i.embedder.EclipseLogger - skip non existing resourceDirectory D:\Java\imdb_stream4Eclipse\portal\src\main\resources
2016-12-30 13:17:30,905 [Worker-12] INFO  o.e.m.c.i.embedder.EclipseLogger - Using 'UTF-8' encoding to copy filtered resources.
2016-12-30 13:17:30,905 [Worker-12] INFO  o.e.m.c.i.embedder.EclipseLogger - skip non existing resourceDirectory D:\Java\imdb_stream4Eclipse\portal\src\test\resources
2016-12-30 13:17:34,211 [Worker-14] INFO  o.e.m.c.i.embedder.EclipseLogger - Using 'UTF-8' encoding to copy filtered resources.
2016-12-30 13:17:34,211 [Worker-14] INFO  o.e.m.c.i.embedder.EclipseLogger - skip non existing resourceDirectory D:\Java\toolEclipse\src\main\resources
2016-12-30 13:17:34,216 [Worker-14] INFO  o.e.m.c.i.embedder.EclipseLogger - Using 'UTF-8' encoding to copy filtered resources.
2016-12-30 13:17:34,216 [Worker-14] INFO  o.e.m.c.i.embedder.EclipseLogger - skip non existing resourceDirectory D:\Java\toolEclipse\src\test\resources
2016-12-30 13:19:17,195 [Worker-1] WARN  o.e.m.c.i.embedder.EclipseLogger - Using platform encoding (Cp1251 actually) to copy filtered resources, i.e. build is platform dependent!
2016-12-30 13:19:17,204 [Worker-1] INFO  o.e.m.c.i.embedder.EclipseLogger - Copying 1 resource
2016-12-30 13:19:17,208 [Worker-1] WARN  o.e.m.c.i.embedder.EclipseLogger - Using platform encoding (Cp1251 actually) to copy filtered resources, i.e. build is platform dependent!
2016-12-30 13:19:17,210 [Worker-1] INFO  o.e.m.c.i.embedder.EclipseLogger - Copying 1 resource
2016-12-30 13:19:17,912 [Worker-10] WARN  o.e.m.c.i.embedder.EclipseLogger - Using platform encoding (Cp1251 actually) to copy filtered resources, i.e. build is platform dependent!
2016-12-30 13:19:17,915 [Worker-10] INFO  o.e.m.c.i.embedder.EclipseLogger - Copying 1 resource
2016-12-30 13:19:17,919 [Worker-10] WARN  o.e.m.c.i.embedder.EclipseLogger - Using platform encoding (Cp1251 actually) to copy filtered resources, i.e. build is platform dependent!
2016-12-30 13:19:17,920 [Worker-10] INFO  o.e.m.c.i.embedder.EclipseLogger - Copying 1 resource
2016-12-30 13:19:18,359 [Worker-10] INFO  o.e.m.c.i.embedder.EclipseLogger - Using 'UTF-8' encoding to copy filtered resources.
2016-12-30 13:19:18,359 [Worker-10] INFO  o.e.m.c.i.embedder.EclipseLogger - skip non existing resourceDirectory D:\Java\imdb_stream4Eclipse\portal\src\main\resources
2016-12-30 13:19:18,359 [Worker-10] INFO  o.e.m.c.i.embedder.EclipseLogger - skip non existing resourceDirectory D:\Java\imdb_stream4Eclipse\portal\src\main\resources
2016-12-30 13:19:18,362 [Worker-10] INFO  o.e.m.c.i.embedder.EclipseLogger - Using 'UTF-8' encoding to copy filtered resources.
2016-12-30 13:19:18,363 [Worker-10] INFO  o.e.m.c.i.embedder.EclipseLogger - skip non existing resourceDirectory D:\Java\imdb_stream4Eclipse\portal\src\test\resources
2016-12-30 13:19:18,478 [Worker-10] INFO  o.e.m.c.i.embedder.EclipseLogger - Using 'UTF-8' encoding to copy filtered resources.
2016-12-30 13:19:18,478 [Worker-10] INFO  o.e.m.c.i.embedder.EclipseLogger - skip non existing resourceDirectory D:\Java\toolEclipse\src\main\resources
2016-12-30 13:19:18,481 [Worker-10] INFO  o.e.m.c.i.embedder.EclipseLogger - Using 'UTF-8' encoding to copy filtered resources.
2016-12-30 13:19:18,481 [Worker-10] INFO  o.e.m.c.i.embedder.EclipseLogger - skip non existing resourceDirectory D:\Java\toolEclipse\src\test\resources
2017-01-03 20:33:53,778 [Worker-9] WARN  o.e.m.c.i.embedder.EclipseLogger - Using platform encoding (Cp1251 actually) to copy filtered resources, i.e. build is platform dependent!
2017-01-03 20:33:53,851 [Worker-9] INFO  o.e.m.c.i.embedder.EclipseLogger - Copying 1 resource
2017-01-03 20:33:53,878 [Worker-9] WARN  o.e.m.c.i.embedder.EclipseLogger - Using platform encoding (Cp1251 actually) to copy filtered resources, i.e. build is platform dependent!
2017-01-03 20:33:53,881 [Worker-9] INFO  o.e.m.c.i.embedder.EclipseLogger - Copying 1 resource
2017-01-03 20:34:07,815 [Worker-23] WARN  o.e.m.c.i.embedder.EclipseLogger - Using platform encoding (Cp1251 actually) to copy filtered resources, i.e. build is platform dependent!
2017-01-03 20:34:07,819 [Worker-23] INFO  o.e.m.c.i.embedder.EclipseLogger - Copying 1 resource
2017-01-03 20:34:07,845 [Worker-23] WARN  o.e.m.c.i.embedder.EclipseLogger - Using platform encoding (Cp1251 actually) to copy filtered resources, i.e. build is platform dependent!
2017-01-03 20:34:07,847 [Worker-23] INFO  o.e.m.c.i.embedder.EclipseLogger - Copying 1 resource
2017-01-04 11:03:53,112 [Worker-17] WARN  o.e.m.c.i.embedder.EclipseLogger - Using platform encoding (Cp1251 actually) to copy filtered resources, i.e. build is platform dependent!
2017-01-04 11:03:53,138 [Worker-17] INFO  o.e.m.c.i.embedder.EclipseLogger - Copying 1 resource
2017-01-04 11:03:53,146 [Worker-17] WARN  o.e.m.c.i.embedder.EclipseLogger - Using platform encoding (Cp1251 actually) to copy filtered resources, i.e. build is platform dependent!
2017-01-04 11:03:53,147 [Worker-17] INFO  o.e.m.c.i.embedder.EclipseLogger - Copying 1 resource
2017-01-04 11:03:54,061 [Worker-17] WARN  o.e.m.c.i.embedder.EclipseLogger - Using platform encoding (Cp1251 actually) to copy filtered resources, i.e. build is platform dependent!
2017-01-04 11:03:54,063 [Worker-17] INFO  o.e.m.c.i.embedder.EclipseLogger - Copying 1 resource
2017-01-04 11:03:54,065 [Worker-17] WARN  o.e.m.c.i.embedder.EclipseLogger - Using platform encoding (Cp1251 actually) to copy filtered resources, i.e. build is platform dependent!
2017-01-04 11:03:54,068 [Worker-17] INFO  o.e.m.c.i.embedder.EclipseLogger - Copying 1 resource
2017-01-04 11:03:59,540 [Worker-14] INFO  o.e.m.c.i.embedder.EclipseLogger - Using 'UTF-8' encoding to copy filtered resources.
2017-01-04 11:03:59,543 [Worker-14] INFO  o.e.m.c.i.embedder.EclipseLogger - skip non existing resourceDirectory D:\Java\imdb_stream4Eclipse\portal\src\main\resources
2017-01-04 11:03:59,544 [Worker-14] INFO  o.e.m.c.i.embedder.EclipseLogger - skip non existing resourceDirectory D:\Java\imdb_stream4Eclipse\portal\src\main\resources
2017-01-04 11:03:59,552 [Worker-14] INFO  o.e.m.c.i.embedder.EclipseLogger - Using 'UTF-8' encoding to copy filtered resources.
2017-01-04 11:03:59,553 [Worker-14] INFO  o.e.m.c.i.embedder.EclipseLogger - skip non existing resourceDirectory D:\Java\imdb_stream4Eclipse\portal\src\test\resources
2017-01-04 11:04:02,337 [Worker-14] INFO  o.e.m.c.i.embedder.EclipseLogger - Using 'UTF-8' encoding to copy filtered resources.
2017-01-04 11:04:02,338 [Worker-14] INFO  o.e.m.c.i.embedder.EclipseLogger - skip non existing resourceDirectory D:\Java\toolEclipse\src\main\resources
2017-01-04 11:04:02,341 [Worker-14] INFO  o.e.m.c.i.embedder.EclipseLogger - Using 'UTF-8' encoding to copy filtered resources.
2017-01-04 11:04:02,343 [Worker-14] INFO  o.e.m.c.i.embedder.EclipseLogger - skip non existing resourceDirectory D:\Java\toolEclipse\src\test\resources
2017-01-04 20:59:41,534 [Worker-15] WARN  o.e.m.c.i.embedder.EclipseLogger - Using platform encoding (Cp1251 actually) to copy filtered resources, i.e. build is platform dependent!
2017-01-04 20:59:41,555 [Worker-15] INFO  o.e.m.c.i.embedder.EclipseLogger - Copying 1 resource
2017-01-04 20:59:41,566 [Worker-15] WARN  o.e.m.c.i.embedder.EclipseLogger - Using platform encoding (Cp1251 actually) to copy filtered resources, i.e. build is platform dependent!
2017-01-04 20:59:41,568 [Worker-15] INFO  o.e.m.c.i.embedder.EclipseLogger - Copying 1 resource
2017-01-04 20:59:44,572 [Worker-4] WARN  o.e.m.c.i.embedder.EclipseLogger - Using platform encoding (Cp1251 actually) to copy filtered resources, i.e. build is platform dependent!
2017-01-04 20:59:44,574 [Worker-4] INFO  o.e.m.c.i.embedder.EclipseLogger - Copying 1 resource
2017-01-04 20:59:44,577 [Worker-4] WARN  o.e.m.c.i.embedder.EclipseLogger - Using platform encoding (Cp1251 actually) to copy filtered resources, i.e. build is platform dependent!
2017-01-04 20:59:44,578 [Worker-4] INFO  o.e.m.c.i.embedder.EclipseLogger - Copying 1 resource
2017-01-04 20:59:46,702 [Worker-4] INFO  o.e.m.c.i.embedder.EclipseLogger - Using 'UTF-8' encoding to copy filtered resources.
2017-01-04 20:59:46,703 [Worker-4] INFO  o.e.m.c.i.embedder.EclipseLogger - skip non existing resourceDirectory D:\Java\imdb_stream4Eclipse\portal\src\main\resources
2017-01-04 20:59:46,703 [Worker-4] INFO  o.e.m.c.i.embedder.EclipseLogger - skip non existing resourceDirectory D:\Java\imdb_stream4Eclipse\portal\src\main\resources
2017-01-04 20:59:46,709 [Worker-4] INFO  o.e.m.c.i.embedder.EclipseLogger - Using 'UTF-8' encoding to copy filtered resources.
2017-01-04 20:59:46,710 [Worker-4] INFO  o.e.m.c.i.embedder.EclipseLogger - skip non existing resourceDirectory D:\Java\imdb_stream4Eclipse\portal\src\test\resources
2017-01-04 20:59:48,522 [Worker-4] INFO  o.e.m.c.i.embedder.EclipseLogger - Using 'UTF-8' encoding to copy filtered resources.
2017-01-04 20:59:48,523 [Worker-4] INFO  o.e.m.c.i.embedder.EclipseLogger - skip non existing resourceDirectory D:\Java\toolEclipse\src\main\resources
2017-01-04 20:59:48,528 [Worker-4] INFO  o.e.m.c.i.embedder.EclipseLogger - Using 'UTF-8' encoding to copy filtered resources.
2017-01-04 20:59:48,529 [Worker-4] INFO  o.e.m.c.i.embedder.EclipseLogger - skip non existing resourceDirectory D:\Java\toolEclipse\src\test\resources
2017-01-05 15:06:32,017 [Worker-6] WARN  o.e.m.c.i.embedder.EclipseLogger - Using platform encoding (Cp1251 actually) to copy filtered resources, i.e. build is platform dependent!
2017-01-05 15:06:32,047 [Worker-6] INFO  o.e.m.c.i.embedder.EclipseLogger - Copying 1 resource
2017-01-05 15:06:32,060 [Worker-6] WARN  o.e.m.c.i.embedder.EclipseLogger - Using platform encoding (Cp1251 actually) to copy filtered resources, i.e. build is platform dependent!
2017-01-05 15:06:32,061 [Worker-6] INFO  o.e.m.c.i.embedder.EclipseLogger - Copying 1 resource
2017-01-05 15:06:32,807 [Worker-6] WARN  o.e.m.c.i.embedder.EclipseLogger - Using platform encoding (Cp1251 actually) to copy filtered resources, i.e. build is platform dependent!
2017-01-05 15:06:32,810 [Worker-6] INFO  o.e.m.c.i.embedder.EclipseLogger - Copying 1 resource
2017-01-05 15:06:32,813 [Worker-6] WARN  o.e.m.c.i.embedder.EclipseLogger - Using platform encoding (Cp1251 actually) to copy filtered resources, i.e. build is platform dependent!
2017-01-05 15:06:32,814 [Worker-6] INFO  o.e.m.c.i.embedder.EclipseLogger - Copying 1 resource
2017-01-05 15:06:39,201 [Worker-7] INFO  o.e.m.c.i.embedder.EclipseLogger - Using 'UTF-8' encoding to copy filtered resources.
2017-01-05 15:06:39,202 [Worker-7] INFO  o.e.m.c.i.embedder.EclipseLogger - skip non existing resourceDirectory D:\Java\imdb_stream4Eclipse\portal\src\main\resources
2017-01-05 15:06:39,202 [Worker-7] INFO  o.e.m.c.i.embedder.EclipseLogger - skip non existing resourceDirectory D:\Java\imdb_stream4Eclipse\portal\src\main\resources
2017-01-05 15:06:39,205 [Worker-7] INFO  o.e.m.c.i.embedder.EclipseLogger - Using 'UTF-8' encoding to copy filtered resources.
2017-01-05 15:06:39,205 [Worker-7] INFO  o.e.m.c.i.embedder.EclipseLogger - skip non existing resourceDirectory D:\Java\imdb_stream4Eclipse\portal\src\test\resources
2017-01-05 15:06:42,249 [Worker-7] INFO  o.e.m.c.i.embedder.EclipseLogger - Using 'UTF-8' encoding to copy filtered resources.
2017-01-05 15:06:42,250 [Worker-7] INFO  o.e.m.c.i.embedder.EclipseLogger - skip non existing resourceDirectory D:\Java\toolEclipse\src\main\resources
2017-01-05 15:06:42,254 [Worker-7] INFO  o.e.m.c.i.embedder.EclipseLogger - Using 'UTF-8' encoding to copy filtered resources.
2017-01-05 15:06:42,256 [Worker-7] INFO  o.e.m.c.i.embedder.EclipseLogger - skip non existing resourceDirectory D:\Java\toolEclipse\src\test\resources
2017-01-08 13:07:55,217 [Worker-13] WARN  o.e.m.c.i.embedder.EclipseLogger - Using platform encoding (Cp1251 actually) to copy filtered resources, i.e. build is platform dependent!
2017-01-08 13:07:55,259 [Worker-13] INFO  o.e.m.c.i.embedder.EclipseLogger - Copying 1 resource
2017-01-08 13:07:55,307 [Worker-13] WARN  o.e.m.c.i.embedder.EclipseLogger - Using platform encoding (Cp1251 actually) to copy filtered resources, i.e. build is platform dependent!
2017-01-08 13:07:55,311 [Worker-13] INFO  o.e.m.c.i.embedder.EclipseLogger - Copying 1 resource
